<?xml version="1.0" encoding="UTF-8"?>
<Site BuildName="Linux-g++"
	BuildStamp="20230727-0847-Experimental"
	Name="5gmap"
	Generator="ctest-3.16.3"
	CompilerName="/usr/bin/g++"
	CompilerVersion="9.4.0"
	OSName="Linux"
	Hostname="5gmap"
	OSRelease="5.4.0-153-generic"
	OSVersion="#170-Ubuntu SMP Fri Jun 16 13:43:31 UTC 2023"
	OSPlatform="x86_64"
	Is64Bits="1"
	VendorString="GenuineIntel"
	VendorID="Intel Corporation"
	FamilyID="6"
	ModelID="63"
	ProcessorCacheSize="20480"
	NumberOfLogicalCPU="2"
	NumberOfPhysicalCPU="2"
	TotalVirtualMemory="4095"
	TotalPhysicalMemory="3919"
	LogicalProcessorsPerPhysical="1"
	ProcessorClockFrequency="2394.76"
	>
	<Testing>
		<StartDateTime>Jul 27 08:47 UTC</StartDateTime>
		<StartTestTime>1690447666</StartTestTime>
		<TestList/>
		<EndDateTime>Jul 27 08:47 UTC</EndDateTime>
		<EndTestTime>1690447666</EndTestTime>
		<ElapsedMinutes>0</ElapsedMinutes>
	</Testing>
</Site>
