<?xml version="1.0" encoding="UTF-8"?>
<Site BuildName="Linux-g++"
	BuildStamp="20230908-0959-Experimental"
	Name="5gmap"
	Generator="ctest-3.16.3"
	CompilerName="/usr/bin/g++"
	CompilerVersion="9.4.0"
	OSName="Linux"
	Hostname="5gmap"
	OSRelease="5.4.0-155-generic"
	OSVersion="#172-Ubuntu SMP Fri Jul 7 16:10:02 UTC 2023"
	OSPlatform="x86_64"
	Is64Bits="1"
	VendorString="GenuineIntel"
	VendorID="Intel Corporation"
	FamilyID="6"
	ModelID="63"
	ProcessorCacheSize="20480"
	NumberOfLogicalCPU="2"
	NumberOfPhysicalCPU="2"
	TotalVirtualMemory="4095"
	TotalPhysicalMemory="3919"
	LogicalProcessorsPerPhysical="1"
	ProcessorClockFrequency="2394.76"
	>
	<Testing>
		<StartDateTime>Sep 08 09:59 UTC</StartDateTime>
		<StartTestTime>1694167177</StartTestTime>
		<TestList/>
		<EndDateTime>Sep 08 09:59 UTC</EndDateTime>
		<EndTestTime>1694167177</EndTestTime>
		<ElapsedMinutes>0</ElapsedMinutes>
	</Testing>
</Site>
